c:\users\mitch\desktop\winter19\cisc454\a1\a1\x64\debug\vc141.pdb
c:\users\mitch\desktop\winter19\cisc454\a1\a1-unfinished\x64\debug\vc141.pdb
c:\users\mitch\desktop\winter19\cisc454\a1\a1-unfinished\x64\debug\vc141.idb
c:\users\mitch\desktop\winter19\cisc454\a1\a1-unfinished\x64\debug\asteroid.obj
c:\users\mitch\desktop\winter19\cisc454\a1\a1-unfinished\x64\debug\fg_stroke.obj
c:\users\mitch\desktop\winter19\cisc454\a1\a1-unfinished\x64\debug\gpuprogram.obj
c:\users\mitch\desktop\winter19\cisc454\a1\a1-unfinished\x64\debug\linalg.obj
c:\users\mitch\desktop\winter19\cisc454\a1\a1-unfinished\x64\debug\main.obj
c:\users\mitch\desktop\winter19\cisc454\a1\a1-unfinished\x64\debug\object.obj
c:\users\mitch\desktop\winter19\cisc454\a1\a1-unfinished\x64\debug\shell.obj
c:\users\mitch\desktop\winter19\cisc454\a1\a1-unfinished\x64\debug\ship.obj
c:\users\mitch\desktop\winter19\cisc454\a1\a1-unfinished\x64\debug\strokefont.obj
c:\users\mitch\desktop\winter19\cisc454\a1\a1-unfinished\x64\debug\world.obj
c:\users\mitch\desktop\winter19\cisc454\a1\a1-unfinished\x64\debug\glad.obj
c:\users\mitch\desktop\winter19\cisc454\a1\a1\x64\debug\a1.exe
c:\users\mitch\desktop\winter19\cisc454\a1\a1\x64\debug\a1.ilk
c:\users\mitch\desktop\winter19\cisc454\a1\a1\x64\debug\a1.pdb
c:\users\mitch\desktop\winter19\cisc454\a1\a1-unfinished\x64\debug\a1.exe
c:\users\mitch\desktop\winter19\cisc454\a1\a1-unfinished\x64\debug\a1.ilk
c:\users\mitch\desktop\winter19\cisc454\a1\a1-unfinished\x64\debug\a1.pdb
c:\users\mitch\desktop\winter19\cisc454\a1\a1-unfinished\x64\debug\a1.tlog\cl.command.1.tlog
c:\users\mitch\desktop\winter19\cisc454\a1\a1-unfinished\x64\debug\a1.tlog\cl.read.1.tlog
c:\users\mitch\desktop\winter19\cisc454\a1\a1-unfinished\x64\debug\a1.tlog\cl.write.1.tlog
c:\users\mitch\desktop\winter19\cisc454\a1\a1-unfinished\x64\debug\a1.tlog\link.command.1.tlog
c:\users\mitch\desktop\winter19\cisc454\a1\a1-unfinished\x64\debug\a1.tlog\link.read.1.tlog
c:\users\mitch\desktop\winter19\cisc454\a1\a1-unfinished\x64\debug\a1.tlog\link.write.1.tlog
